<?xml version="1.0" encoding="UTF-8"?>
<!-- Generated by org.testng.reporters.JUnitReportReporter -->
<testsuite hostname="DESKTOP-JCAI8IT" failures="0" tests="2" name="testNG.Parallelexample" time="18.364" errors="0" timestamp="2025-02-07T14:21:56 IST" skipped="0">
  <testcase classname="testNG.Parallelexample" name="opengeeks" time="9.345"/>
  <system-out/>
  <testcase classname="testNG.Parallelexample" name="opengoogle" time="9.019"/>
  <system-out/>
</testsuite> <!-- testNG.Parallelexample -->
