<?xml version="1.0" encoding="UTF-8"?>
<!-- Generated by org.testng.reporters.JUnitReportReporter -->
<testsuite hostname="DESKTOP-JCAI8IT" failures="0" tests="3" name="testNG.Sampletestcase" time="0.023" errors="0" timestamp="2025-02-06T18:05:45 IST" skipped="1">
  <testcase classname="testNG.Sampletestcase" name="secondtestcase" time="0.019"/>
  <system-out/>
  <testcase classname="testNG.Sampletestcase" name="firsttestcase" time="0.004"/>
  <system-out/>
  <testcase classname="testNG.Sampletestcase" name="thirdtestcase">
    <skipped/>
  </testcase> <!-- thirdtestcase -->
  <system-out/>
</testsuite> <!-- testNG.Sampletestcase -->
