<?xml version="1.0" encoding="UTF-8"?>
<!-- Generated by org.testng.reporters.JUnitReportReporter -->
<testsuite hostname="DESKTOP-JCAI8IT" failures="0" tests="2" name="testNG.Beforesuite_Aftersuite" time="6.174" errors="0" timestamp="2025-02-07T14:13:35 IST" skipped="0">
  <testcase classname="testNG.Beforesuite_Aftersuite" name="opengoogle" time="3.525"/>
  <system-out/>
  <testcase classname="testNG.Beforesuite_Aftersuite" name="opengeeks" time="2.649"/>
  <system-out/>
</testsuite> <!-- testNG.Beforesuite_Aftersuite -->
