<?xml version="1.0" encoding="UTF-8"?>
<!-- Generated by org.testng.reporters.JUnitReportReporter -->
<testsuite hostname="DESKTOP-JCAI8IT" failures="0" tests="4" name="testNG.Groupingexamples" time="0.036" errors="0" timestamp="2025-02-07T11:16:13 IST" skipped="0">
  <testcase classname="testNG.Groupingexamples" name="Moto1" time="0.024"/>
  <system-out/>
  <testcase classname="testNG.Groupingexamples" name="Moto2" time="0.004"/>
  <system-out/>
  <testcase classname="testNG.Groupingexamples" name="apple2" time="0.005"/>
  <system-out/>
  <testcase classname="testNG.Groupingexamples" name="apple1" time="0.003"/>
  <system-out/>
</testsuite> <!-- testNG.Groupingexamples -->
