<?xml version="1.0" encoding="UTF-8"?>
<!-- Generated by org.testng.reporters.JUnitReportReporter -->
<testsuite hostname="DESKTOP-JCAI8IT" failures="0" tests="2" name="NewTest" time="0.019" errors="0" timestamp="2025-02-07T15:03:30 IST" skipped="0">
  <testcase classname="NewTest" name="Test" time="0.012"/>
  <system-out/>
  <testcase classname="NewTest" name="Test1" time="0.007"/>
  <system-out/>
</testsuite> <!-- NewTest -->
