<?xml version="1.0" encoding="UTF-8"?>
<!-- Generated by org.testng.reporters.JUnitReportReporter -->
<testsuite hostname="DESKTOP-JCAI8IT" failures="0" tests="3" name="testNG.Dependtestcase" time="0.007" errors="0" timestamp="2025-02-06T18:05:45 IST" skipped="0">
  <testcase classname="testNG.Dependtestcase" name="firsttestcase" time="0.003"/>
  <system-out/>
  <testcase classname="testNG.Dependtestcase" name="secondtestcase" time="0.002"/>
  <system-out/>
  <testcase classname="testNG.Dependtestcase" name="thirdtestcase" time="0.002"/>
  <system-out/>
</testsuite> <!-- testNG.Dependtestcase -->
