<?xml version="1.0" encoding="UTF-8"?>
<!-- Generated by org.testng.reporters.JUnitReportReporter -->
<testsuite hostname="DESKTOP-JCAI8IT" failures="0" tests="1" name="DataDrivenproblemexample.Incorrectcredential" time="11.128" errors="0" timestamp="2025-05-28T11:24:41 IST" skipped="0">
  <testcase classname="DataDrivenproblemexample.Incorrectcredential" name="Incorrectcredentialexample" time="11.128"/>
  <system-out/>
</testsuite> <!-- DataDrivenproblemexample.Incorrectcredential -->
