<?xml version="1.0" encoding="UTF-8"?>
<!-- Generated by org.testng.reporters.JUnitReportReporter -->
<testsuite hostname="DESKTOP-JCAI8IT" failures="0" tests="2" name="DataProvider.Dataproviderexamples" time="24.602" errors="0" timestamp="2025-05-28T11:53:39 IST" skipped="0">
  <testcase classname="DataProvider.Dataproviderexamples" name="correctcredential" time="15.422"/>
  <system-out/>
  <testcase classname="DataProvider.Dataproviderexamples" name="correctcredential" time="9.180"/>
  <system-out/>
</testsuite> <!-- DataProvider.Dataproviderexamples -->
