<?xml version="1.0" encoding="UTF-8"?>
<!-- Generated by org.testng.reporters.JUnitReportReporter -->
<testsuite hostname="DESKTOP-JCAI8IT" failures="0" tests="1" name="DataDrivenproblemexample.correctcrdential" time="13.426" errors="0" timestamp="2025-05-28T11:24:41 IST" skipped="0">
  <testcase classname="DataDrivenproblemexample.correctcrdential" name="correctcredential" time="13.426"/>
  <system-out/>
</testsuite> <!-- DataDrivenproblemexample.correctcrdential -->
