<?xml version="1.0" encoding="UTF-8"?>
<!-- Generated by org.testng.reporters.JUnitReportReporter -->
<testsuite hostname="DESKTOP-JCAI8IT" failures="0" tests="2" name="JXLJarexample.JXLJardatadriven" time="18.279" errors="0" timestamp="2025-05-29T10:05:38 IST" skipped="0">
  <testcase classname="JXLJarexample.JXLJardatadriven" name="correctcredential" time="8.164"/>
  <system-out/>
  <testcase classname="JXLJarexample.JXLJardatadriven" name="correctcredential" time="10.115"/>
  <system-out/>
</testsuite> <!-- JXLJarexample.JXLJardatadriven -->
