<?xml version="1.0" encoding="UTF-8"?>
<!-- Generated by org.testng.reporters.JUnitReportReporter -->
<testsuite hostname="DESKTOP-JCAI8IT" failures="0" tests="1" name="restassured_bddstyle.getemployeeGET" time="2.531" errors="0" timestamp="2025-05-26T15:47:53 IST" skipped="0">
  <testcase classname="restassured_bddstyle.getemployeeGET" name="getemployee" time="2.531"/>
  <system-out/>
</testsuite> <!-- restassured_bddstyle.getemployeeGET -->
