<?xml version="1.0" encoding="UTF-8"?>
<!-- Generated by org.testng.reporters.JUnitReportReporter -->
<testsuite hostname="DESKTOP-JCAI8IT" failures="0" tests="1" name="restassured_bddstyle.createemployeefromexternalfile" time="2.781" errors="0" timestamp="2025-05-02T10:15:17 IST" skipped="0">
  <testcase classname="restassured_bddstyle.createemployeefromexternalfile" name="createemployeeexternalfile" time="2.781"/>
  <system-out/>
</testsuite> <!-- restassured_bddstyle.createemployeefromexternalfile -->
