<?xml version="1.0" encoding="UTF-8"?>
<!-- Generated by org.testng.reporters.JUnitReportReporter -->
<testsuite hostname="DESKTOP-JCAI8IT" failures="0" tests="1" name="restassured_nonbdd.deleteemployeeDelete" time="2.565" errors="0" timestamp="2025-04-30T16:29:54 IST" skipped="0">
  <testcase classname="restassured_nonbdd.deleteemployeeDelete" name="deleteemployee" time="2.565"/>
  <system-out/>
</testsuite> <!-- restassured_nonbdd.deleteemployeeDelete -->
