<?xml version="1.0" encoding="UTF-8"?>
<!-- Generated by org.testng.reporters.JUnitReportReporter -->
<testsuite hostname="DESKTOP-JCAI8IT" failures="0" tests="1" name="restassured_nonbdd.GetallEmployee" time="2.683" errors="0" timestamp="2025-04-30T15:17:52 IST" skipped="0">
  <testcase classname="restassured_nonbdd.GetallEmployee" name="getallemployee" time="2.683"/>
  <system-out/>
</testsuite> <!-- restassured_nonbdd.GetallEmployee -->
