<?xml version="1.0" encoding="UTF-8"?>
<!-- Generated by org.testng.reporters.JUnitReportReporter -->
<testsuite hostname="DESKTOP-JCAI8IT" failures="0" tests="1" name="restassured_bddstyle.updateemployeePUT" time="2.331" errors="0" timestamp="2025-05-02T09:49:58 IST" skipped="0">
  <testcase classname="restassured_bddstyle.updateemployeePUT" name="getemployee" time="2.331"/>
  <system-out/>
</testsuite> <!-- restassured_bddstyle.updateemployeePUT -->
