<?xml version="1.0" encoding="UTF-8"?>
<!-- Generated by org.testng.reporters.JUnitReportReporter -->
<testsuite hostname="DESKTOP-JCAI8IT" failures="0" tests="1" name="restassured.hamcrestmatchersjsonschemavalidator" time="1.019" errors="0" timestamp="2025-05-09T14:45:11 IST" skipped="0">
  <testcase classname="restassured.hamcrestmatchersjsonschemavalidator" name="hamcrestvalidator" time="1.019"/>
  <system-out/>
</testsuite> <!-- restassured.hamcrestmatchersjsonschemavalidator -->
