<?xml version="1.0" encoding="UTF-8"?>
<!-- Generated by org.testng.reporters.JUnitReportReporter -->
<testsuite hostname="DESKTOP-JCAI8IT" failures="0" tests="1" name="restassured_nonbdd.updateemployeePUT" time="2.355" errors="0" timestamp="2025-04-30T15:52:05 IST" skipped="0">
  <testcase classname="restassured_nonbdd.updateemployeePUT" name="updateemployee" time="2.355"/>
  <system-out/>
</testsuite> <!-- restassured_nonbdd.updateemployeePUT -->
