<?xml version="1.0" encoding="UTF-8"?>
<!-- Generated by org.testng.reporters.JUnitReportReporter -->
<testsuite hostname="DESKTOP-JCAI8IT" failures="0" tests="1" name="restassured_bddstyle.Bearertoken" time="4.287" errors="0" timestamp="2025-05-21T14:56:41 IST" skipped="0">
  <testcase classname="restassured_bddstyle.Bearertoken" name="Beaertokenauth" time="4.287"/>
  <system-out/>
</testsuite> <!-- restassured_bddstyle.Bearertoken -->
