<?xml version="1.0" encoding="UTF-8"?>
<!-- Generated by org.testng.reporters.JUnitReportReporter -->
<testsuite hostname="DESKTOP-JCAI8IT" failures="0" tests="1" name="restassured_bddstyle.Oauth2" time="5.802" errors="0" timestamp="2025-05-21T15:05:27 IST" skipped="0">
  <testcase classname="restassured_bddstyle.Oauth2" name="Beaertokenauth" time="5.802"/>
  <system-out/>
</testsuite> <!-- restassured_bddstyle.Oauth2 -->
