<?xml version="1.0" encoding="UTF-8"?>
<!-- Generated by org.testng.reporters.JUnitReportReporter -->
<testsuite hostname="DESKTOP-JCAI8IT" failures="0" tests="1" name="restassured_nonbdd.getsingleemplooyee" time="2.209" errors="0" timestamp="2025-04-30T16:32:38 IST" skipped="0">
  <testcase classname="restassured_nonbdd.getsingleemplooyee" name="getasingleemployee" time="2.209"/>
  <system-out/>
</testsuite> <!-- restassured_nonbdd.getsingleemplooyee -->
