<?xml version="1.0" encoding="UTF-8"?>
<!-- Generated by org.testng.reporters.JUnitReportReporter -->
<testsuite hostname="DESKTOP-JCAI8IT" failures="0" tests="1" name="restassured_bddstyle.createemployeePOST" time="2.476" errors="0" timestamp="2025-05-02T09:45:00 IST" skipped="0">
  <testcase classname="restassured_bddstyle.createemployeePOST" name="createemployee" time="2.476"/>
  <system-out/>
</testsuite> <!-- restassured_bddstyle.createemployeePOST -->
