<?xml version="1.0" encoding="UTF-8"?>
<!-- Generated by org.testng.reporters.JUnitReportReporter -->
<testsuite hostname="DESKTOP-JCAI8IT" failures="0" tests="1" name="restassured_nonbdd.Getspecificationproperties" time="3.149" errors="0" timestamp="2025-05-26T14:37:14 IST" skipped="0">
  <testcase classname="restassured_nonbdd.Getspecificationproperties" name="Createemployee" time="3.149"/>
  <system-out/>
</testsuite> <!-- restassured_nonbdd.Getspecificationproperties -->
