<?xml version="1.0" encoding="UTF-8"?>
<!-- Generated by org.testng.reporters.JUnitReportReporter -->
<testsuite hostname="DESKTOP-JCAI8IT" failures="0" tests="1" name="restassured.Netwrokntjsonschemvalidator" time="0.437" errors="0" timestamp="2025-05-09T14:06:52 IST" skipped="0">
  <testcase classname="restassured.Netwrokntjsonschemvalidator" name="validatejsonschme" time="0.437"/>
  <system-out/>
</testsuite> <!-- restassured.Netwrokntjsonschemvalidator -->
