<?xml version="1.0" encoding="UTF-8"?>
<!-- Generated by org.testng.reporters.JUnitReportReporter -->
<testsuite hostname="DESKTOP-JCAI8IT" failures="0" tests="1" name="restassured_nonbdd.Createemplouee" time="2.386" errors="0" timestamp="2025-04-30T15:35:59 IST" skipped="0">
  <testcase classname="restassured_nonbdd.Createemplouee" name="Createemployee" time="2.386"/>
  <system-out/>
</testsuite> <!-- restassured_nonbdd.Createemplouee -->
