<?xml version="1.0" encoding="UTF-8"?>
<!-- Generated by org.testng.reporters.JUnitReportReporter -->
<testsuite hostname="DESKTOP-JCAI8IT" failures="0" tests="1" name="restassured_bddstyle.Basicauthwithrestassured" time="7.801" errors="0" timestamp="2025-05-20T15:17:36 IST" skipped="0">
  <testcase classname="restassured_bddstyle.Basicauthwithrestassured" name="getemployee" time="7.801"/>
  <system-out/>
</testsuite> <!-- restassured_bddstyle.Basicauthwithrestassured -->
