<?xml version="1.0" encoding="UTF-8"?>
<!-- Generated by org.testng.reporters.JUnitReportReporter -->
<testsuite hostname="DESKTOP-JCAI8IT" failures="0" tests="2" name="restassured.Reastassuredjsonschemavalidation" time="3.259" errors="0" timestamp="2025-05-09T09:14:35 IST" skipped="1">
  <testcase classname="restassured.Reastassuredjsonschemavalidation" name="validationusingjsonschma" time="3.259"/>
  <system-out/>
  <testcase classname="restassured.Reastassuredjsonschemavalidation" name="validationusingjsonschmainclaspath">
    <skipped/>
  </testcase> <!-- validationusingjsonschmainclaspath -->
  <system-out/>
</testsuite> <!-- restassured.Reastassuredjsonschemavalidation -->
