<?xml version="1.0" encoding="UTF-8"?>
<!-- Generated by org.testng.reporters.JUnitReportReporter -->
<testsuite hostname="DESKTOP-JCAI8IT" failures="0" tests="3" name="restassured_bddstyle.RequestSpecificationexamples" time="1.787" errors="0" timestamp="2025-05-20T14:45:37 IST" skipped="0">
  <testcase classname="restassured_bddstyle.RequestSpecificationexamples" name="createemployee" time="1.686"/>
  <system-out/>
  <testcase classname="restassured_bddstyle.RequestSpecificationexamples" name="getallemployee" time="0.069"/>
  <system-out/>
  <testcase classname="restassured_bddstyle.RequestSpecificationexamples" name="getoneemployee" time="0.032"/>
  <system-out/>
</testsuite> <!-- restassured_bddstyle.RequestSpecificationexamples -->
