<?xml version="1.0" encoding="UTF-8"?>
<!-- Generated by org.testng.reporters.JUnitReportReporter -->
<testsuite hostname="DESKTOP-JCAI8IT" failures="0" tests="3" name="restassured_bddstyle.APIKeyauth" time="3.987" errors="0" timestamp="2025-05-20T16:26:32 IST" skipped="2">
  <testcase classname="restassured_bddstyle.APIKeyauth" name="APIkeyauthusingheader" time="3.987"/>
  <system-out/>
  <testcase classname="restassured_bddstyle.APIKeyauth" name="APIkeyauth">
    <skipped/>
  </testcase> <!-- APIkeyauth -->
  <system-out/>
  <testcase classname="restassured_bddstyle.APIKeyauth" name="APIkeyauthusingparams">
    <skipped/>
  </testcase> <!-- APIkeyauthusingparams -->
  <system-out/>
</testsuite> <!-- restassured_bddstyle.APIKeyauth -->
