<?xml version="1.0" encoding="UTF-8"?>
<!-- Generated by org.testng.reporters.JUnitReportReporter -->
<testsuite hostname="DESKTOP-JCAI8IT" failures="0" tests="1" name="restassured_bddstyle.DeleteemployeeDELETE" time="2.346" errors="0" timestamp="2025-05-02T09:51:22 IST" skipped="0">
  <testcase classname="restassured_bddstyle.DeleteemployeeDELETE" name="getemployee" time="2.346"/>
  <system-out/>
</testsuite> <!-- restassured_bddstyle.DeleteemployeeDELETE -->
