<?xml version="1.0" encoding="UTF-8"?>
<!-- Generated by org.testng.reporters.JUnitReportReporter -->
<testsuite hostname="DESKTOP-JCAI8IT" failures="0" tests="2" name="Testcases.VerifyHomePage" time="12.718" errors="0" timestamp="2025-05-31T14:32:59 IST" skipped="0">
  <testcase classname="Testcases.VerifyHomePage" name="Login" time="10.515"/>
  <system-out/>
  <testcase classname="Testcases.VerifyHomePage" name="verifyHome" time="2.203"/>
  <system-out/>
</testsuite> <!-- Testcases.VerifyHomePage -->
