<?xml version="1.0" encoding="UTF-8"?>
<!-- Generated by org.testng.reporters.JUnitReportReporter -->
<testsuite hostname="DESKTOP-JCAI8IT" failures="0" tests="1" name="PageFactoryTestcase.LoginTestCasepagefactory" time="8.440" errors="0" timestamp="2025-05-31T15:20:26 IST" skipped="0">
  <testcase classname="PageFactoryTestcase.LoginTestCasepagefactory" name="Login" time="8.440"/>
  <system-out/>
</testsuite> <!-- PageFactoryTestcase.LoginTestCasepagefactory -->
