<?xml version="1.0" encoding="UTF-8"?>
<!-- Generated by org.testng.reporters.JUnitReportReporter -->
<testsuite hostname="DESKTOP-JCAI8IT" failures="0" tests="1" name="Testcases.LoginTestCase" time="20.107" errors="0" timestamp="2025-05-31T14:37:54 IST" skipped="0">
  <testcase classname="Testcases.LoginTestCase" name="Login" time="20.107"/>
  <system-out/>
</testsuite> <!-- Testcases.LoginTestCase -->
