<?xml version="1.0" encoding="UTF-8"?>
<!-- Generated by org.testng.reporters.JUnitReportReporter -->
<testsuite hostname="DESKTOP-JCAI8IT" failures="0" tests="1" name="PagefactorywithoutFindbyannotation.TestCase" time="11.027" errors="0" timestamp="2025-06-04T15:13:59 IST" skipped="0">
  <testcase classname="PagefactorywithoutFindbyannotation.TestCase" name="Login" time="11.027"/>
  <system-out/>
</testsuite> <!-- PagefactorywithoutFindbyannotation.TestCase -->
