<?xml version="1.0" encoding="UTF-8"?>
<!-- Generated by org.testng.reporters.JUnitReportReporter -->
<testsuite hostname="DESKTOP-JCAI8IT" failures="0" tests="2" name="seleniumwait.NewTest" time="0.023" errors="0" timestamp="2025-06-27T10:31:07 IST" skipped="0">
  <testcase classname="seleniumwait.NewTest" name="Test1" time="0.015"/>
  <system-out/>
  <testcase classname="seleniumwait.NewTest" name="Test2" time="0.008"/>
  <system-out/>
</testsuite> <!-- seleniumwait.NewTest -->
