<?xml version="1.0" encoding="UTF-8"?>
<!-- Generated by org.testng.reporters.JUnitReportReporter -->
<testsuite hostname="DESKTOP-JCAI8IT" failures="0" tests="1" name="seleniumwait.Timoutexamples" time="2.027" errors="0" timestamp="2025-06-27T15:18:42 IST" skipped="0">
  <testcase classname="seleniumwait.Timoutexamples" name="Test1" time="2.027"/>
  <system-out/>
</testsuite> <!-- seleniumwait.Timoutexamples -->
