<?xml version="1.0" encoding="UTF-8"?>
<!-- Generated by org.testng.reporters.JUnitReportReporter -->
<testsuite hostname="DESKTOP-JCAI8IT" failures="0" tests="3" name="seleniumwait.TestMultipletimes" time="0.030" errors="0" timestamp="2025-06-27T10:59:24 IST" skipped="0">
  <testcase classname="seleniumwait.TestMultipletimes" name="Test1" time="0.020"/>
  <system-out/>
  <testcase classname="seleniumwait.TestMultipletimes" name="Test1" time="0.007"/>
  <system-out/>
  <testcase classname="seleniumwait.TestMultipletimes" name="Test1" time="0.003"/>
  <system-out/>
</testsuite> <!-- seleniumwait.TestMultipletimes -->
